[PREINITIALIZATION][CLIENT][INFO] Thank you to the Patreon supporters below and others who make CraftTweaker possible!
Lucas
embeddedt
Jonathan McManus
Spencer Gilbert
Ivy_
Quaternary
DreamThorn
Zuniroa
Hooley
Pongo Sapiens
NerdyWhiteGuy
Jessie Sims
Jellycraft
NickT
Jordan Pineo
Ncc1702
Genryu
Belathus
Peregrinus11
If you want to support the mod, checkout https://patreon.com/jaredlll08?s=crtmod

[PREINITIALIZATION][CLIENT][TRACE] Current loaders after merging: [[preinit]]
[PREINITIALIZATION][CLIENT][INFO] Loading scripts for loader with names [preinit]
[PREINITIALIZATION][CLIENT][TRACE] Completed script loading in: 0ms
[PREINITIALIZATION][CLIENT][INFO] Hey! Here is ZenUtils.
[INITIALIZATION][CLIENT][INFO] CraftTweaker: Building registry
[INITIALIZATION][CLIENT][INFO] CraftTweaker: Successfully built item registry
[INITIALIZATION][CLIENT][TRACE] Current loaders after merging: [[preinit], [recipeevent | crafttweaker]]
[INITIALIZATION][CLIENT][INFO] Loading scripts for loader with names [crafttweaker | recipeevent]
[INITIALIZATION][CLIENT][TRACE] Completed script loading in: 0ms
[POSTINITIALIZATION][CLIENT][INFO] Removing recipes for various outputs
[POSTINITIALIZATION][CLIENT][TRACE] Current loaders after merging: [[preinit], [crafttweaker | recipeevent], [gregtechmod]]
[POSTINITIALIZATION][CLIENT][INFO] Loading scripts for loader with names [gregtechmod]
[POSTINITIALIZATION][CLIENT][TRACE] Completed script loading in: 0ms
